<?xml version="1.0" encoding="UTF-8"?><testsuite failures="1" name="cucumber.runtime.formatter.JUnitFormatter" skipped="0" tests="4" time="70.307911">
<testcase classname="Login" name="Login" time="14.018981">
<system-out><![CDATA[Given the user has navigated to the login page..............................passed
When they provide the correct credentials...................................passed
Then the user is logged in..................................................passed
And they will be directed to their account page.............................passed
]]></system-out>
</testcase>
<testcase classname="Login" name="Login - bad password" time="10.291397">
<failure message="org.junit.ComparisonFailure: expected:&lt;Inv[]alid Email or Passwo...&gt; but was:&lt;Inv[v]alid Email or Passwo...&gt;&#13;&#10;&#9;at org.junit.Assert.assertEquals(Assert.java:115)&#13;&#10;&#9;at org.junit.Assert.assertEquals(Assert.java:144)&#13;&#10;&#9;at stepDefinitions.LoginStepDefinition.an_error_will_be_provided_stating(LoginStepDefinition.java:75)&#13;&#10;&#9;at ✽.Then an error will be provided stating &quot;Invvalid Email or Password&quot;(login.feature:22)&#13;&#10;"><![CDATA[Given the user has navigated to the login page..............................passed
When they provide the incorrect password for their account..................passed
Then an error will be provided stating "Invvalid Email or Password".........failed

StackTrace:
org.junit.ComparisonFailure: expected:<Inv[]alid Email or Passwo...> but was:<Inv[v]alid Email or Passwo...>
	at org.junit.Assert.assertEquals(Assert.java:115)
	at org.junit.Assert.assertEquals(Assert.java:144)
	at stepDefinitions.LoginStepDefinition.an_error_will_be_provided_stating(LoginStepDefinition.java:75)
	at ✽.Then an error will be provided stating "Invvalid Email or Password"(login.feature:22)
]]></failure>
</testcase>
<testcase classname="Search" name="Basic hotel search" time="21.60833">
<system-out><![CDATA[Given the userr is logged in................................................passed
Given the user has clicked Home to access the search page...................passed
And they have chosen the Hotels option......................................passed
And they have chosen a hotel for "Montreal".................................passed
And they have chosen with dates "2018/22/11" to "2018/24/11"................passed
And they have selected "1", "0".............................................passed
When they click search......................................................passed
Then matching results are displayed.........................................passed
]]></system-out>
</testcase>
<testcase classname="Search" name="Basic hotel search 2" time="24.389203">
<system-out><![CDATA[Given the userr is logged in................................................passed
Given the user has clicked Home to access the search page...................passed
And they have chosen the Hotels option......................................passed
And they have chosen a hotel for "New York".................................passed
And they have chosen with dates "2018/11/11" to "2018/20/11"................passed
And they have selected "5", "1".............................................passed
When they click search......................................................passed
Then matching results are displayed.........................................passed
]]></system-out>
</testcase>
</testsuite>
